<?xml version="1.0" encoding="UTF-8"?>
<!-- Generated by org.testng.reporters.JUnitReportReporter -->
<testsuite hostname="USHYDMGALLANI7" failures="0" tests="1" name="com.star.cluster.test.smoke.TestLoginS12345" time="15.407" errors="0" timestamp="01 Jul 2019 19:47:46 GMT" skipped="0">
  <testcase classname="com.star.cluster.test.smoke.TestLoginS12345" name="testInvalidLoginTC1234567" time="15.407"/>
</testsuite> <!-- com.star.cluster.test.smoke.TestLoginS12345 -->
