<?xml version="1.0" encoding="UTF-8"?>
<!-- Generated by org.testng.reporters.JUnitReportReporter -->
<testsuite hostname="USHYDMGALLANI7" failures="0" tests="1" name="com.star.cluster.test.smoke.TestLoginS12345" time="14.058" errors="0" timestamp="1 Jul 2019 20:22:39 GMT">
  <testcase classname="com.star.cluster.test.smoke.TestLoginS12345" name="testInvalidLoginTC1234567" time="14.058"/>
</testsuite> <!-- com.star.cluster.test.smoke.TestLoginS12345 -->
